  game.cpp
C:\Users\BKBroiler\Documents\Visual Studio 2022\Projects\TooManyBullets\game.cpp(2,10): fatal error C1083: Cannot open include file: 'DisplayManager.h': No such file or directory
  AddPointsEvent.cpp
C:\Users\BKBroiler\Documents\Visual Studio 2022\Projects\TooManyBullets\vs-2019\AddPointsEvent.h(2,10): fatal error C1083: Cannot open include file: 'Event.h': No such file or directory
  Boss.cpp
C:\Users\BKBroiler\Documents\Visual Studio 2022\Projects\TooManyBullets\vs-2019\Boss.cpp(1,10): fatal error C1083: Cannot open include file: 'WorldManager.h': No such file or directory
  Bullet.cpp
C:\Users\BKBroiler\Documents\Visual Studio 2022\Projects\TooManyBullets\vs-2019\Bullet.cpp(1,10): fatal error C1083: Cannot open include file: 'EventOut.h': No such file or directory
  Enemy.cpp
C:\Users\BKBroiler\Documents\Visual Studio 2022\Projects\TooManyBullets\vs-2019\Enemy.cpp(1,10): fatal error C1083: Cannot open include file: 'LogManager.h': No such file or directory
  EnemyManager.cpp
C:\Users\BKBroiler\Documents\Visual Studio 2022\Projects\TooManyBullets\vs-2019\EnemyManager.cpp(1,10): fatal error C1083: Cannot open include file: 'EventStep.h': No such file or directory
  Explosion.cpp
C:\Users\BKBroiler\Documents\Visual Studio 2022\Projects\TooManyBullets\vs-2019\Explosion.cpp(1,10): fatal error C1083: Cannot open include file: 'EventStep.h': No such file or directory
  GameOver.cpp
C:\Users\BKBroiler\Documents\Visual Studio 2022\Projects\TooManyBullets\vs-2019\GameOver.cpp(1,10): fatal error C1083: Cannot open include file: 'EventStep.h': No such file or directory
  GameStart.cpp
C:\Users\BKBroiler\Documents\Visual Studio 2022\Projects\TooManyBullets\vs-2019\GameStart.cpp(1,10): fatal error C1083: Cannot open include file: 'EventKeyboard.h': No such file or directory
  HeroBullet.cpp
C:\Users\BKBroiler\Documents\Visual Studio 2022\Projects\TooManyBullets\vs-2019\Bullet.h(2,10): fatal error C1083: Cannot open include file: 'Object.h': No such file or directory
  Player.cpp
C:\Users\BKBroiler\Documents\Visual Studio 2022\Projects\TooManyBullets\vs-2019\Player.cpp(1,10): fatal error C1083: Cannot open include file: 'EventStep.h': No such file or directory
  PlayerHitbox.cpp
C:\Users\BKBroiler\Documents\Visual Studio 2022\Projects\TooManyBullets\vs-2019\PlayerHitbox.h(2,10): fatal error C1083: Cannot open include file: 'Object.h': No such file or directory
  Generating Code...
